<?xml version="1.0" encoding="UTF-8"?>
<!-- Generated by org.testng.reporters.JUnitXMLReporter -->
<testsuite hostname="Harshal" ignored="1" name="Default test" tests="1" failures="0" timestamp="2022-01-30T01:20:52 IST" time="5.741" errors="0">
  <testcase name="getRequestDifferentType" time="5.684" classname="request.types.TestRequest"/>
  <testcase name="getRequestTest" time="0.0" classname="request.types.TestRequest">
    <ignored/>
  </testcase> <!-- getRequestTest -->
</testsuite> <!-- Default test -->
