<?xml version="1.0" encoding="UTF-8"?>
<testng-results skipped="0" failed="0" ignored="0" total="1" passed="1">
  <reporter-output>
  </reporter-output>
  <suite name="Default suite" duration-ms="3132" started-at="2022-02-06T13:35:20 IST" finished-at="2022-02-06T13:35:23 IST">
    <groups>
    </groups>
    <test name="Default test" duration-ms="3132" started-at="2022-02-06T13:35:20 IST" finished-at="2022-02-06T13:35:23 IST">
      <class name="request.types.TestGetAndPost">
        <test-method status="PASS" signature="testGetRequest()[pri:0, instance:request.types.TestGetAndPost@3b084709]" name="testGetRequest" duration-ms="3091" started-at="2022-02-06T13:35:20 IST" finished-at="2022-02-06T13:35:23 IST">
          <reporter-output>
          </reporter-output>
        </test-method> <!-- testGetRequest -->
      </class> <!-- request.types.TestGetAndPost -->
    </test> <!-- Default test -->
  </suite> <!-- Default suite -->
</testng-results>
