<?xml version="1.0" encoding="UTF-8"?>
<testng-results skipped="0" failed="0" ignored="1" total="2" passed="1">
  <reporter-output>
  </reporter-output>
  <suite name="Default suite" duration-ms="5741" started-at="2022-01-30T01:20:46 IST" finished-at="2022-01-30T01:20:52 IST">
    <groups>
    </groups>
    <test name="Default test" duration-ms="5741" started-at="2022-01-30T01:20:46 IST" finished-at="2022-01-30T01:20:52 IST">
      <class name="request.types.TestRequest">
        <test-method status="PASS" signature="getRequestDifferentType()[pri:0, instance:request.types.TestRequest@72b6cbcc]" name="getRequestDifferentType" duration-ms="5684" started-at="2022-01-30T01:20:46 IST" finished-at="2022-01-30T01:20:52 IST">
          <reporter-output>
          </reporter-output>
        </test-method> <!-- getRequestDifferentType -->
      </class> <!-- request.types.TestRequest -->
    </test> <!-- Default test -->
  </suite> <!-- Default suite -->
</testng-results>
